<?xml version="1.0" encoding="UTF-8"?>
<!-- Generated by org.testng.reporters.JUnitReportReporter -->
<testsuite hostname="Home-PC" name="railwayenquiry.RailwayEnquiryAPITest" tests="1" failures="0" timestamp="14 Aug 2019 17:41:39 GMT" time="22.223" errors="0">
  <testcase name="enterJourneyDetails" time="22.223" classname="railwayenquiry.RailwayEnquiryAPITest"/>
</testsuite> <!-- railwayenquiry.RailwayEnquiryAPITest -->
